#
# A fatal error has been detected by the Java Runtime Environment:
#
#  SIGSEGV (0xb) at pc=0x00007fffc2c9d05d, pid=9894, tid=0x0000000000000307
#
# JRE version: OpenJDK Runtime Environment (8.0_112-b06) (build 1.8.0_112-release-b06)
# Java VM: OpenJDK 64-Bit Server VM (25.112-b06 mixed mode bsd-amd64 compressed oops)
# Problematic frame:
# C  [libobjc.A.dylib+0x705d]  objc_msgSend+0x1d
#
# Failed to write core dump. Core dumps have been disabled. To enable core dumping, try "ulimit -c unlimited" before starting Java again
#
# If you would like to submit a bug report, please visit:
#   http://bugreport.java.com/bugreport/crash.jsp
# The crash happened outside the Java Virtual Machine in native code.
# See problematic frame for where to report the bug.
#

---------------  T H R E A D  ---------------

Current thread (0x00007f8425191000):  JavaThread "AppKit Thread" daemon [_thread_in_native, id=775, stack(0x00007fff5906e000,0x00007fff5986e000)]

siginfo: si_signo: 11 (SIGSEGV), si_code: 1 (SEGV_MAPERR), si_addr: 0x0000000000000018

Registers:
RAX=0x00007f842900bf50, RBX=0x00007f84244e6f60, RCX=0x00007f8424788460, RDX=0x00007f842900bf50
RSP=0x00007fff598677d8, RBP=0x00007fff598677e0, RSI=0x00007fffac591843, RDI=0x00007f8424788460
R8 =0x000000000000007f, R9 =0x00007f84244c6de0, R10=0x0000000000000000, R11=0x00007fffac591843
R12=0x0000000000000000, R13=0x00007f84244c6de0, R14=0x00007f842900bf50, R15=0x0000000000000000
RIP=0x00007fffc2c9d05d, EFLAGS=0x0000000000010246, ERR=0x0000000000000004
  TRAPNO=0x000000000000000e

Top of Stack: (sp=0x00007fff598677d8)
0x00007fff598677d8:   00007fffade2745c 00007fff59867850
0x00007fff598677e8:   00007fffade2735b 0000000000000000
0x00007fff598677f8:   00007fffcc484060 00000000c2000000
0x00007fff59867808:   00007fffade273b0 00007fffc8d02680
0x00007fff59867818:   00007f84244c6de0 00007f842900bf50
0x00007fff59867828:   00007fff59868018 00007fffc2c9d040
0x00007fff59867838:   00007fff59867920 00007f84244c6de0
0x00007fff59867848:   00007fffac52905a 00007fff59867890
0x00007fff59867858:   00007fffade270c2 00007fff59867e60
0x00007fff59867868:   0000000000000001 00007fffc2c9d040
0x00007fff59867878:   00007fff59867920 00007fff59868018
0x00007fff59867888:   00007fffac52905a 00007fff59867fb0
0x00007fff59867898:   00007fffadde4523 00007f8424700000
0x00007fff598678a8:   0000000000000003 00000001063b0800
0x00007fff598678b8:   0000000000000004 00007f8424708c10
0x00007fff598678c8:   00007fffc8d03cb0 0000000000000000
0x00007fff598678d8:   00007f84248a20d0 00007f8424708c01
0x00007fff598678e8:   00007f8424443350 00007fffc8e360e0
0x00007fff598678f8:   0000000000000000 0000000000000000
0x00007fff59867908:   0000000000000000 00007f8424442510
0x00007fff59867918:   00007fffc8d42900 00007fff59867e60
0x00007fff59867928:   0000000000000002 0000000000000100
0x00007fff59867938:   00007fffcc3f1400 00007fff59867d60
0x00007fff59867948:   0000000000000000 0000000000000100
0x00007fff59867958:   00007f842477f800 00007fff59867990
0x00007fff59867968:   00007fffade27d0c ffff807bdb8807a0
0x00007fff59867978:   00007f842477f860 00007fffc8e33640
0x00007fff59867988:   00007f842477f860 00007fff598679c0
0x00007fff59867998:   00007fffade27d58 ffff807bdb8807a0
0x00007fff598679a8:   00007f842477f860 00007fffc8e338c0
0x00007fff598679b8:   00007f842477f860 00007fff598679f0
0x00007fff598679c8:   00007fffade27e3b 00000000000000c0 

Instructions: (pc=0x00007fffc2c9d05d)
0x00007fffc2c9d03d:   0f 1f 00 48 85 ff 2e 74 62 40 f6 c7 01 2e 75 66
0x00007fffc2c9d04d:   49 ba f8 ff ff ff ff 7f 00 00 4c 23 17 49 89 f3
0x00007fffc2c9d05d:   45 23 5a 18 49 c1 e3 04 4d 03 5a 10 49 3b 33 75
0x00007fffc2c9d06d:   04 41 ff 63 08 49 83 3b 01 76 0d 49 83 c3 10 49 

Register to memory mapping:

RAX=0x00007f842900bf50 is an unknown value
RBX=0x00007f84244e6f60 is an unknown value
RCX=0x00007f8424788460 is an unknown value
RDX=0x00007f842900bf50 is an unknown value
RSP=0x00007fff598677d8 is pointing into the stack for thread: 0x00007f8425191000
RBP=0x00007fff598677e0 is pointing into the stack for thread: 0x00007f8425191000
RSI=0x00007fffac591843: __NSStyleNameIndexTable+0xe048b in /System/Library/Frameworks/AppKit.framework/Versions/C/AppKit at 0x00007fffab8c4000
RDI=0x00007f8424788460 is an unknown value
R8 =0x000000000000007f is an unknown value
R9 =0x00007f84244c6de0 is an unknown value
R10=0x0000000000000000 is an unknown value
R11=0x00007fffac591843: __NSStyleNameIndexTable+0xe048b in /System/Library/Frameworks/AppKit.framework/Versions/C/AppKit at 0x00007fffab8c4000
R12=0x0000000000000000 is an unknown value
R13=0x00007f84244c6de0 is an unknown value
R14=0x00007f842900bf50 is an unknown value
R15=0x0000000000000000 is an unknown value


Stack: [0x00007fff5906e000,0x00007fff5986e000],  sp=0x00007fff598677d8,  free space=8165k
Native frames: (J=compiled Java code, j=interpreted, Vv=VM code, C=native code)
C  [libobjc.A.dylib+0x705d]  objc_msgSend+0x1d
C  [CoreFoundation+0x9d35b]  _CFXRegistrationPost+0x1ab
C  [CoreFoundation+0x9d0c2]  ___CFXNotificationPost_block_invoke+0x32
C  [CoreFoundation+0x5a523]  -[_CFXNotificationRegistrar find:object:observer:enumerator:]+0x723
C  [CoreFoundation+0x5955c]  _CFXNotificationPost+0x25c
C  [Foundation+0x6677]  -[NSNotificationCenter postNotificationName:object:userInfo:]+0x42
C  [AppKit+0x24ee3b]  -[NSSurface _disposeSurface]+0x98
C  [AppKit+0x24e9ea]  -[NSSurface setWindow:]+0x35
C  [AppKit+0x28960]  -[NSView _setWindow:]+0xa0f
C  [AppKit+0x2b587]  -[NSView removeFromSuperview]+0x1d1
C  [AppKit+0x14cd60]  -[NSView removeFromSuperviewWithoutNeedingDisplay]+0x26
C  [liblwjgl.dylib+0xa205]  +[MacOSXKeyableWindow destroyWindow]+0xb5
C  [Foundation+0x7152a]  __NSThreadPerformPerform+0x146
C  [CoreFoundation+0xa7321]  __CFRUNLOOP_IS_CALLING_OUT_TO_A_SOURCE0_PERFORM_FUNCTION__+0x11
C  [CoreFoundation+0x8821d]  __CFRunLoopDoSources0+0x22d
C  [CoreFoundation+0x87716]  __CFRunLoopRun+0x3a6
C  [CoreFoundation+0x87114]  CFRunLoopRunSpecific+0x1a4
C  [HIToolbox+0x30ebc]  RunCurrentEventLoopInMode+0xf0
C  [HIToolbox+0x30cf1]  ReceiveNextEventCommon+0x1b0
C  [HIToolbox+0x30b26]  _BlockUntilNextEventMatchingListInModeWithFilter+0x47
C  [AppKit+0x46a54]  _DPSNextEvent+0x460
C  [AppKit+0x7c27ee]  -[NSApplication(NSEvent) _nextEventMatchingEventMask:untilDate:inMode:dequeue:]+0xaec
C  [libosxapp.dylib+0x241a]  -[NSApplicationAWT nextEventMatchingMask:untilDate:inMode:dequeue:]+0x7c
C  [AppKit+0x3b3db]  -[NSApplication run]+0x39e
C  [libosxapp.dylib+0x222e]  +[NSApplicationAWT runAWTLoopWithApp:]+0x9c
C  [libawt_lwawt.dylib+0x4678f]  -[AWTStarter starter:]+0x389
C  [Foundation+0x7152a]  __NSThreadPerformPerform+0x146
C  [CoreFoundation+0xa7321]  __CFRUNLOOP_IS_CALLING_OUT_TO_A_SOURCE0_PERFORM_FUNCTION__+0x11
C  [CoreFoundation+0x8821d]  __CFRunLoopDoSources0+0x22d
C  [CoreFoundation+0x87716]  __CFRunLoopRun+0x3a6
C  [CoreFoundation+0x87114]  CFRunLoopRunSpecific+0x1a4
C  [java+0x6455]  CreateExecutionEnvironment+0x367
C  [java+0x217c]  JLI_Launch+0x7a0
C  [java+0x84b9]  main+0x6c
C  [java+0x19d4]  start+0x34
C  0x0000000000000008


---------------  P R O C E S S  ---------------

Java Threads: ( => current thread )
  0x00007f8424b31000 JavaThread "AWT-Shutdown" [_thread_blocked, id=40715, stack(0x0000700007f4f000,0x000070000804f000)]
  0x00007f8425010800 JavaThread "DestroyJavaVM" [_thread_blocked, id=7171, stack(0x00007000080d8000,0x00007000081d8000)]
  0x00007f8425a32000 JavaThread "LWJGL Application" [_thread_in_native, id=65803, stack(0x0000700009397000,0x0000700009497000)]
=>0x00007f8425191000 JavaThread "AppKit Thread" daemon [_thread_in_native, id=775, stack(0x00007fff5906e000,0x00007fff5986e000)]
  0x00007f842512c000 JavaThread "Monitor Ctrl-Break" daemon [_thread_in_native, id=19715, stack(0x0000700008f02000,0x0000700009002000)]
  0x00007f8426010000 JavaThread "Service Thread" daemon [_thread_blocked, id=18691, stack(0x0000700008cfc000,0x0000700008dfc000)]
  0x00007f8424820800 JavaThread "C1 CompilerThread2" daemon [_thread_blocked, id=18179, stack(0x0000700008bf9000,0x0000700008cf9000)]
  0x00007f8425031000 JavaThread "C2 CompilerThread1" daemon [_thread_blocked, id=17667, stack(0x0000700008af6000,0x0000700008bf6000)]
  0x00007f842481d800 JavaThread "C2 CompilerThread0" daemon [_thread_blocked, id=17155, stack(0x00007000089f3000,0x0000700008af3000)]
  0x00007f8425832800 JavaThread "Signal Dispatcher" daemon [_thread_blocked, id=16643, stack(0x00007000088f0000,0x00007000089f0000)]
  0x00007f842481c000 JavaThread "Finalizer" daemon [_thread_blocked, id=12547, stack(0x00007000087ed000,0x00007000088ed000)]
  0x00007f842502c000 JavaThread "Reference Handler" daemon [_thread_blocked, id=12035, stack(0x00007000086ea000,0x00007000087ea000)]

Other Threads:
  0x00007f8425008800 VMThread [stack: 0x00007000085e7000,0x00007000086e7000] [id=11523]
  0x00007f8424821000 WatcherThread [stack: 0x0000700008dff000,0x0000700008eff000] [id=19203]

VM state:not at safepoint (normal execution)

VM Mutex/Monitor currently owned by a thread: None

Heap:
 PSYoungGen      total 38400K, used 16246K [0x0000000795580000, 0x0000000798000000, 0x00000007c0000000)
  eden space 33280K, 34% used [0x0000000795580000,0x0000000796095268,0x0000000797600000)
  from space 5120K, 95% used [0x0000000797600000,0x0000000797ac86f8,0x0000000797b00000)
  to   space 5120K, 0% used [0x0000000797b00000,0x0000000797b00000,0x0000000798000000)
 ParOldGen       total 87552K, used 16K [0x0000000740000000, 0x0000000745580000, 0x0000000795580000)
  object space 87552K, 0% used [0x0000000740000000,0x0000000740004000,0x0000000745580000)
 Metaspace       used 12074K, capacity 12195K, committed 12288K, reserved 1060864K
  class space    used 1174K, capacity 1240K, committed 1280K, reserved 1048576K

Card table byte_map: [0x0000000107cb6000,0x00000001080b7000] byte_map_base: 0x00000001042b6000

Marking Bits: (ParMarkBitMap*) 0x000000010768bed0
 Begin Bits: [0x000000011aded000, 0x000000011cded000)
 End Bits:   [0x000000011cded000, 0x000000011eded000)

Polling page: 0x000000010644e000

CodeCache: size=245760Kb used=5916Kb max_used=5928Kb free=239843Kb
 bounds [0x000000010bded000, 0x000000010c3cd000, 0x000000011aded000]
 total_blobs=2093 nmethods=1580 adapters=427
 compilation: enabled

Compilation events (10 events):
Event: 29.250 Thread 0x00007f8424820800 1576       3       com.badlogic.gdx.utils.ObjectMap$MapIterator::findNextIndex (62 bytes)
Event: 29.250 Thread 0x00007f8424820800 nmethod 1576 0x000000010c354e50 code [0x000000010c354fc0, 0x000000010c355250]
Event: 29.252 Thread 0x00007f8424820800 1577       3       com.badlogic.gdx.utils.ObjectMap::hash3 (19 bytes)
Event: 29.252 Thread 0x00007f8424820800 nmethod 1577 0x000000010c398790 code [0x000000010c3988e0, 0x000000010c398a50]
Event: 29.254 Thread 0x00007f8425031000 1578       4       com.badlogic.gdx.utils.ObjectMap::get (76 bytes)
Event: 29.255 Thread 0x00007f8424820800 1579       3       com.badlogic.gdx.utils.Array$ArrayIterable::iterator (113 bytes)
Event: 29.255 Thread 0x00007f8424820800 nmethod 1579 0x000000010c37ca10 code [0x000000010c37cba0, 0x000000010c37d070]
Event: 29.258 Thread 0x00007f8425031000 nmethod 1578 0x000000010c37bf90 code [0x000000010c37c120, 0x000000010c37c6f8]
Event: 29.264 Thread 0x00007f842481d800 1580       4       java.nio.DirectByteBuffer::put (18 bytes)
Event: 29.265 Thread 0x00007f842481d800 nmethod 1580 0x000000010c39bd50 code [0x000000010c39bea0, 0x000000010c39bf58]

GC Heap History (2 events):
Event: 4.882 GC heap before
{Heap before GC invocations=1 (full 0):
 PSYoungGen      total 38400K, used 33011K [0x0000000795580000, 0x0000000798000000, 0x00000007c0000000)
  eden space 33280K, 99% used [0x0000000795580000,0x00000007975bcfa0,0x0000000797600000)
  from space 5120K, 0% used [0x0000000797b00000,0x0000000797b00000,0x0000000798000000)
  to   space 5120K, 0% used [0x0000000797600000,0x0000000797600000,0x0000000797b00000)
 ParOldGen       total 87552K, used 0K [0x0000000740000000, 0x0000000745580000, 0x0000000795580000)
  object space 87552K, 0% used [0x0000000740000000,0x0000000740000000,0x0000000745580000)
 Metaspace       used 11094K, capacity 11267K, committed 11392K, reserved 1058816K
  class space    used 1089K, capacity 1144K, committed 1152K, reserved 1048576K
Event: 4.896 GC heap after
Heap after GC invocations=1 (full 0):
 PSYoungGen      total 38400K, used 4897K [0x0000000795580000, 0x0000000798000000, 0x00000007c0000000)
  eden space 33280K, 0% used [0x0000000795580000,0x0000000795580000,0x0000000797600000)
  from space 5120K, 95% used [0x0000000797600000,0x0000000797ac86f8,0x0000000797b00000)
  to   space 5120K, 0% used [0x0000000797b00000,0x0000000797b00000,0x0000000798000000)
 ParOldGen       total 87552K, used 16K [0x0000000740000000, 0x0000000745580000, 0x0000000795580000)
  object space 87552K, 0% used [0x0000000740000000,0x0000000740004000,0x0000000745580000)
 Metaspace       used 11094K, capacity 11267K, committed 11392K, reserved 1058816K
  class space    used 1089K, capacity 1144K, committed 1152K, reserved 1048576K
}

Deoptimization events (10 events):
Event: 6.008 Thread 0x00007f8425a32000 Uncommon trap: reason=array_check action=maybe_recompile pc=0x000000010c1c8af4 method=com.badlogic.gdx.utils.Array.add(Ljava/lang/Object;)V @ 46
Event: 6.009 Thread 0x00007f8425a32000 Uncommon trap: reason=array_check action=maybe_recompile pc=0x000000010c1c8af4 method=com.badlogic.gdx.utils.Array.add(Ljava/lang/Object;)V @ 46
Event: 6.009 Thread 0x00007f8425a32000 Uncommon trap: reason=array_check action=maybe_recompile pc=0x000000010c1c8af4 method=com.badlogic.gdx.utils.Array.add(Ljava/lang/Object;)V @ 46
Event: 6.009 Thread 0x00007f8425a32000 Uncommon trap: reason=array_check action=maybe_recompile pc=0x000000010c1c8af4 method=com.badlogic.gdx.utils.Array.add(Ljava/lang/Object;)V @ 46
Event: 12.832 Thread 0x00007f8425a32000 Uncommon trap: reason=unstable_if action=reinterpret pc=0x000000010c28a30c method=com.badlogic.gdx.graphics.g2d.Animation.getKeyFrame(FZ)Ljava/lang/Object; @ 6
Event: 16.265 Thread 0x00007f8425a32000 Uncommon trap: reason=unstable_if action=reinterpret pc=0x000000010c35ddd0 method=com.onmakers.ninjafrog.screens.W1L1.render(F)V @ 72
Event: 29.250 Thread 0x00007f8425a32000 Uncommon trap: reason=unstable_if action=reinterpret pc=0x000000010c257c50 method=com.badlogic.gdx.utils.Array$ArrayIterable.iterator()Ljava/util/Iterator; @ 4
Event: 29.250 Thread 0x00007f8425a32000 Uncommon trap: reason=null_check action=make_not_entrant pc=0x000000010c2a062c method=com.badlogic.gdx.utils.ObjectMap.get(Ljava/lang/Object;)Ljava/lang/Object; @ 38
Event: 29.250 Thread 0x00007f8425a32000 Uncommon trap: reason=unstable_if action=reinterpret pc=0x000000010c245938 method=com.badlogic.gdx.utils.ObjectIntMap.get(Ljava/lang/Object;I)I @ 24
Event: 29.258 Thread 0x00007f8425a32000 Uncommon trap: reason=null_check action=make_not_entrant pc=0x000000010c37c6b4 method=com.badlogic.gdx.utils.ObjectMap.get(Ljava/lang/Object;)Ljava/lang/Object; @ 57

Internal exceptions (10 events):
Event: 0.939 Thread 0x00007f8425010800 Exception <a 'java/io/FileNotFoundException'> (0x0000000795bf26f8) thrown at [/Volumes/Android_AOSP/AOSP-openjdk/external/jetbrains/jdk/hotspot/src/share/vm/prims/jni.cpp, line 709]
Event: 0.973 Thread 0x00007f8425010800 Exception <a 'java/security/PrivilegedActionException'> (0x0000000795cb4428) thrown at [/Volumes/Android_AOSP/AOSP-openjdk/external/jetbrains/jdk/hotspot/src/share/vm/prims/jvm.cpp, line 1390]
Event: 0.973 Thread 0x00007f8425010800 Exception <a 'java/security/PrivilegedActionException'> (0x0000000795cb6010) thrown at [/Volumes/Android_AOSP/AOSP-openjdk/external/jetbrains/jdk/hotspot/src/share/vm/prims/jvm.cpp, line 1390]
Event: 0.973 Thread 0x00007f8425010800 Exception <a 'java/security/PrivilegedActionException'> (0x0000000795cb7130) thrown at [/Volumes/Android_AOSP/AOSP-openjdk/external/jetbrains/jdk/hotspot/src/share/vm/prims/jvm.cpp, line 1390]
Event: 0.974 Thread 0x00007f8425010800 Exception <a 'java/security/PrivilegedActionException'> (0x0000000795cbc250) thrown at [/Volumes/Android_AOSP/AOSP-openjdk/external/jetbrains/jdk/hotspot/src/share/vm/prims/jvm.cpp, line 1390]
Event: 0.974 Thread 0x00007f8425010800 Exception <a 'java/security/PrivilegedActionException'> (0x0000000795cbcea8) thrown at [/Volumes/Android_AOSP/AOSP-openjdk/external/jetbrains/jdk/hotspot/src/share/vm/prims/jvm.cpp, line 1390]
Event: 0.974 Thread 0x00007f8425010800 Exception <a 'java/security/PrivilegedActionException'> (0x0000000795cbdad0) thrown at [/Volumes/Android_AOSP/AOSP-openjdk/external/jetbrains/jdk/hotspot/src/share/vm/prims/jvm.cpp, line 1390]
Event: 29.250 Thread 0x00007f8425a32000 Implicit null exception at 0x000000010c257bd0 to 0x000000010c257c3d
Event: 29.250 Thread 0x00007f8425a32000 Implicit null exception at 0x000000010c2a017b to 0x000000010c2a0619
Event: 29.258 Thread 0x00007f8425a32000 Implicit null exception at 0x000000010c37c3da to 0x000000010c37c6a5

Events (10 events):
Event: 29.250 Thread 0x00007f8425a32000 DEOPT PACKING pc=0x000000010c245938 sp=0x0000700009496670
Event: 29.250 Thread 0x00007f8425a32000 DEOPT UNPACKING pc=0x000000010bdf1f69 sp=0x0000700009496648 mode 2
Event: 29.250 loading class com/badlogic/gdx/utils/ObjectSet$ObjectSetIterator
Event: 29.250 loading class com/badlogic/gdx/utils/ObjectSet$ObjectSetIterator done
Event: 29.258 Thread 0x00007f8425a32000 Uncommon trap: trap_request=0xfffffff4 fr.pc=0x000000010c37c6b4
Event: 29.258 Thread 0x00007f8425a32000 DEOPT PACKING pc=0x000000010c37c6b4 sp=0x0000700009496530
Event: 29.258 Thread 0x00007f8425a32000 DEOPT UNPACKING pc=0x000000010bdf1f69 sp=0x0000700009496500 mode 2
Event: 29.259 Thread 0x00007f8425338800 Thread exited: 0x00007f8425338800
Event: 29.262 loading class org/lwjgl/opengl/CallbackUtil
Event: 29.262 loading class org/lwjgl/opengl/CallbackUtil done


Dynamic libraries:
0x0000000038a13000 	/System/Library/Frameworks/Cocoa.framework/Versions/A/Cocoa
0x0000000038a13000 	/System/Library/Frameworks/Security.framework/Versions/A/Security
0x0000000038a13000 	/System/Library/Frameworks/ApplicationServices.framework/Versions/A/ApplicationServices
0x0000000038a13000 	/usr/lib/libz.1.dylib
0x0000000038a13000 	/usr/lib/libSystem.B.dylib
0x0000000038a13000 	/usr/lib/libobjc.A.dylib
0x0000000038a13000 	/System/Library/Frameworks/Foundation.framework/Versions/C/Foundation
0x0000000038a13000 	/System/Library/Frameworks/CoreFoundation.framework/Versions/A/CoreFoundation
0x0000000038a13000 	/System/Library/Frameworks/AppKit.framework/Versions/C/AppKit
0x0000000038a13000 	/System/Library/Frameworks/CoreData.framework/Versions/A/CoreData
0x0000000038a13000 	/System/Library/PrivateFrameworks/RemoteViewServices.framework/Versions/A/RemoteViewServices
0x0000000038a13000 	/System/Library/PrivateFrameworks/UIFoundation.framework/Versions/A/UIFoundation
0x0000000038a13000 	/System/Library/PrivateFrameworks/DFRFoundation.framework/Versions/A/DFRFoundation
0x0000000038a13000 	/usr/lib/libenergytrace.dylib
0x0000000038a13000 	/System/Library/PrivateFrameworks/SkyLight.framework/Versions/A/SkyLight
0x0000000038a13000 	/System/Library/Frameworks/CoreGraphics.framework/Versions/A/CoreGraphics
0x0000000038a13000 	/usr/lib/libScreenReader.dylib
0x0000000038a13000 	/System/Library/Frameworks/Accelerate.framework/Versions/A/Accelerate
0x0000000038a13000 	/System/Library/Frameworks/IOSurface.framework/Versions/A/IOSurface
0x0000000038a13000 	/System/Library/Frameworks/AudioToolbox.framework/Versions/A/AudioToolbox
0x0000000038a13000 	/System/Library/Frameworks/AudioUnit.framework/Versions/A/AudioUnit
0x0000000038a13000 	/System/Library/PrivateFrameworks/DataDetectorsCore.framework/Versions/A/DataDetectorsCore
0x0000000038a13000 	/System/Library/PrivateFrameworks/DesktopServicesPriv.framework/Versions/A/DesktopServicesPriv
0x0000000038a13000 	/System/Library/Frameworks/Carbon.framework/Versions/A/Frameworks/HIToolbox.framework/Versions/A/HIToolbox
0x0000000038a13000 	/usr/lib/libicucore.A.dylib
0x0000000038a13000 	/System/Library/Frameworks/QuartzCore.framework/Versions/A/QuartzCore
0x0000000038a13000 	/System/Library/Frameworks/Carbon.framework/Versions/A/Frameworks/SpeechRecognition.framework/Versions/A/SpeechRecognition
0x0000000038a13000 	/usr/lib/libauto.dylib
0x0000000038a13000 	/usr/lib/libxml2.2.dylib
0x0000000038a13000 	/System/Library/PrivateFrameworks/CoreUI.framework/Versions/A/CoreUI
0x0000000038a13000 	/System/Library/Frameworks/CoreAudio.framework/Versions/A/CoreAudio
0x0000000038a13000 	/System/Library/Frameworks/DiskArbitration.framework/Versions/A/DiskArbitration
0x0000000038a13000 	/usr/lib/liblangid.dylib
0x0000000038a13000 	/System/Library/PrivateFrameworks/MultitouchSupport.framework/Versions/A/MultitouchSupport
0x0000000038a13000 	/System/Library/Frameworks/IOKit.framework/Versions/A/IOKit
0x0000000038a13000 	/usr/lib/libDiagnosticMessagesClient.dylib
0x0000000038a13000 	/System/Library/Frameworks/CoreServices.framework/Versions/A/CoreServices
0x0000000038a13000 	/System/Library/PrivateFrameworks/PerformanceAnalysis.framework/Versions/A/PerformanceAnalysis
0x0000000038a13000 	/System/Library/PrivateFrameworks/GenerationalStorage.framework/Versions/A/GenerationalStorage
0x0000000038a13000 	/System/Library/Frameworks/OpenGL.framework/Versions/A/OpenGL
0x0000000038a13000 	/System/Library/Frameworks/CoreImage.framework/Versions/A/CoreImage
0x0000000038a13000 	/System/Library/Frameworks/CoreText.framework/Versions/A/CoreText
0x0000000038a13000 	/System/Library/Frameworks/ImageIO.framework/Versions/A/ImageIO
0x0000000038a13000 	/System/Library/PrivateFrameworks/Backup.framework/Versions/A/Backup
0x0000000038a13000 	/usr/lib/libarchive.2.dylib
0x0000000038a13000 	/System/Library/Frameworks/CFNetwork.framework/Versions/A/CFNetwork
0x0000000038a13000 	/System/Library/Frameworks/SystemConfiguration.framework/Versions/A/SystemConfiguration
0x0000000038a13000 	/usr/lib/libCRFSuite.dylib
0x0000000038a13000 	/usr/lib/libc++.1.dylib
0x0000000038a13000 	/usr/lib/libc++abi.dylib
0x0000000038a13000 	/usr/lib/system/libcache.dylib
0x0000000038a13000 	/usr/lib/system/libcommonCrypto.dylib
0x0000000038a13000 	/usr/lib/system/libcompiler_rt.dylib
0x0000000038a13000 	/usr/lib/system/libcopyfile.dylib
0x0000000038a13000 	/usr/lib/system/libcorecrypto.dylib
0x0000000038a13000 	/usr/lib/system/libdispatch.dylib
0x0000000038a13000 	/usr/lib/system/libdyld.dylib
0x0000000038a13000 	/usr/lib/system/libkeymgr.dylib
0x0000000038a13000 	/usr/lib/system/liblaunch.dylib
0x0000000038a13000 	/usr/lib/system/libmacho.dylib
0x0000000038a13000 	/usr/lib/system/libquarantine.dylib
0x0000000038a13000 	/usr/lib/system/libremovefile.dylib
0x0000000038a13000 	/usr/lib/system/libsystem_asl.dylib
0x0000000038a13000 	/usr/lib/system/libsystem_blocks.dylib
0x0000000038a13000 	/usr/lib/system/libsystem_c.dylib
0x0000000038a13000 	/usr/lib/system/libsystem_configuration.dylib
0x0000000038a13000 	/usr/lib/system/libsystem_coreservices.dylib
0x0000000038a13000 	/usr/lib/system/libsystem_coretls.dylib
0x0000000038a13000 	/usr/lib/system/libsystem_dnssd.dylib
0x0000000038a13000 	/usr/lib/system/libsystem_info.dylib
0x0000000038a13000 	/usr/lib/system/libsystem_kernel.dylib
0x0000000038a13000 	/usr/lib/system/libsystem_m.dylib
0x0000000038a13000 	/usr/lib/system/libsystem_malloc.dylib
0x0000000038a13000 	/usr/lib/system/libsystem_network.dylib
0x0000000038a13000 	/usr/lib/system/libsystem_networkextension.dylib
0x0000000038a13000 	/usr/lib/system/libsystem_notify.dylib
0x0000000038a13000 	/usr/lib/system/libsystem_platform.dylib
0x0000000038a13000 	/usr/lib/system/libsystem_pthread.dylib
0x0000000038a13000 	/usr/lib/system/libsystem_sandbox.dylib
0x0000000038a13000 	/usr/lib/system/libsystem_secinit.dylib
0x0000000038a13000 	/usr/lib/system/libsystem_symptoms.dylib
0x0000000038a13000 	/usr/lib/system/libsystem_trace.dylib
0x0000000038a13000 	/usr/lib/system/libunwind.dylib
0x0000000038a13000 	/usr/lib/system/libxpc.dylib
0x0000000038a13000 	/usr/lib/libbsm.0.dylib
0x0000000038a13000 	/usr/lib/system/libkxld.dylib
0x0000000038a13000 	/usr/lib/libcoretls.dylib
0x0000000038a13000 	/usr/lib/libcoretls_cfhelpers.dylib
0x0000000038a13000 	/usr/lib/libOpenScriptingUtil.dylib
0x0000000038a13000 	/usr/lib/libpam.2.dylib
0x0000000038a13000 	/usr/lib/libsqlite3.dylib
0x0000000038a13000 	/usr/lib/libxar.1.dylib
0x0000000038a13000 	/usr/lib/libbz2.1.0.dylib
0x0000000038a13000 	/usr/lib/liblzma.5.dylib
0x0000000038a13000 	/usr/lib/libnetwork.dylib
0x0000000038a13000 	/usr/lib/libpcap.A.dylib
0x0000000038a13000 	/System/Library/Frameworks/CoreServices.framework/Versions/A/Frameworks/FSEvents.framework/Versions/A/FSEvents
0x0000000038a13000 	/System/Library/Frameworks/CoreServices.framework/Versions/A/Frameworks/CarbonCore.framework/Versions/A/CarbonCore
0x0000000038a13000 	/System/Library/Frameworks/CoreServices.framework/Versions/A/Frameworks/Metadata.framework/Versions/A/Metadata
0x0000000038a13000 	/System/Library/Frameworks/CoreServices.framework/Versions/A/Frameworks/OSServices.framework/Versions/A/OSServices
0x0000000038a13000 	/System/Library/Frameworks/CoreServices.framework/Versions/A/Frameworks/SearchKit.framework/Versions/A/SearchKit
0x0000000038a13000 	/System/Library/Frameworks/CoreServices.framework/Versions/A/Frameworks/AE.framework/Versions/A/AE
0x0000000038a13000 	/System/Library/Frameworks/CoreServices.framework/Versions/A/Frameworks/LaunchServices.framework/Versions/A/LaunchServices
0x0000000038a13000 	/System/Library/Frameworks/CoreServices.framework/Versions/A/Frameworks/DictionaryServices.framework/Versions/A/DictionaryServices
0x0000000038a13000 	/System/Library/Frameworks/CoreServices.framework/Versions/A/Frameworks/SharedFileList.framework/Versions/A/SharedFileList
0x0000000038a13000 	/System/Library/Frameworks/NetFS.framework/Versions/A/NetFS
0x0000000038a13000 	/System/Library/PrivateFrameworks/NetAuth.framework/Versions/A/NetAuth
0x0000000038a13000 	/System/Library/PrivateFrameworks/login.framework/Versions/A/Frameworks/loginsupport.framework/Versions/A/loginsupport
0x0000000038a13000 	/System/Library/PrivateFrameworks/TCC.framework/Versions/A/TCC
0x0000000038a13000 	/usr/lib/libmecabra.dylib
0x0000000038a13000 	/System/Library/Frameworks/ApplicationServices.framework/Versions/A/Frameworks/ATS.framework/Versions/A/ATS
0x0000000038a13000 	/System/Library/Frameworks/ApplicationServices.framework/Versions/A/Frameworks/ColorSync.framework/Versions/A/ColorSync
0x0000000038a13000 	/System/Library/Frameworks/ApplicationServices.framework/Versions/A/Frameworks/HIServices.framework/Versions/A/HIServices
0x0000000038a13000 	/System/Library/Frameworks/ApplicationServices.framework/Versions/A/Frameworks/LangAnalysis.framework/Versions/A/LangAnalysis
0x0000000038a13000 	/System/Library/Frameworks/ApplicationServices.framework/Versions/A/Frameworks/PrintCore.framework/Versions/A/PrintCore
0x0000000038a13000 	/System/Library/Frameworks/ApplicationServices.framework/Versions/A/Frameworks/QD.framework/Versions/A/QD
0x0000000038a13000 	/System/Library/Frameworks/ApplicationServices.framework/Versions/A/Frameworks/SpeechSynthesis.framework/Versions/A/SpeechSynthesis
0x0000000038a13000 	/System/Library/Frameworks/Accelerate.framework/Versions/A/Frameworks/vImage.framework/Versions/A/vImage
0x0000000038a13000 	/System/Library/Frameworks/Accelerate.framework/Versions/A/Frameworks/vecLib.framework/Versions/A/vecLib
0x0000000038a13000 	/System/Library/Frameworks/Accelerate.framework/Versions/A/Frameworks/vecLib.framework/Versions/A/libvDSP.dylib
0x0000000038a13000 	/System/Library/Frameworks/Accelerate.framework/Versions/A/Frameworks/vecLib.framework/Versions/A/libBNNS.dylib
0x0000000038a13000 	/System/Library/Frameworks/Accelerate.framework/Versions/A/Frameworks/vecLib.framework/Versions/A/libQuadrature.dylib
0x0000000038a13000 	/System/Library/Frameworks/Accelerate.framework/Versions/A/Frameworks/vecLib.framework/Versions/A/libvMisc.dylib
0x0000000038a13000 	/System/Library/Frameworks/Accelerate.framework/Versions/A/Frameworks/vecLib.framework/Versions/A/libLAPACK.dylib
0x0000000038a13000 	/System/Library/Frameworks/Accelerate.framework/Versions/A/Frameworks/vecLib.framework/Versions/A/libBLAS.dylib
0x0000000038a13000 	/System/Library/Frameworks/Accelerate.framework/Versions/A/Frameworks/vecLib.framework/Versions/A/libLinearAlgebra.dylib
0x0000000038a13000 	/System/Library/Frameworks/Accelerate.framework/Versions/A/Frameworks/vecLib.framework/Versions/A/libSparseBLAS.dylib
0x0000000038a13000 	/System/Library/Frameworks/ApplicationServices.framework/Versions/A/Frameworks/ATS.framework/Versions/A/Resources/libFontParser.dylib
0x0000000038a13000 	/System/Library/Frameworks/ApplicationServices.framework/Versions/A/Frameworks/ATS.framework/Versions/A/Resources/libFontRegistry.dylib
0x0000000038a13000 	/System/Library/Frameworks/ImageIO.framework/Versions/A/Resources/libJPEG.dylib
0x0000000038a13000 	/System/Library/Frameworks/ImageIO.framework/Versions/A/Resources/libTIFF.dylib
0x0000000038a13000 	/System/Library/Frameworks/ImageIO.framework/Versions/A/Resources/libPng.dylib
0x0000000038a13000 	/System/Library/Frameworks/ImageIO.framework/Versions/A/Resources/libGIF.dylib
0x0000000038a13000 	/System/Library/Frameworks/ImageIO.framework/Versions/A/Resources/libJP2.dylib
0x0000000038a13000 	/System/Library/Frameworks/ImageIO.framework/Versions/A/Resources/libRadiance.dylib
0x0000000038a13000 	/usr/lib/libcompression.dylib
0x0000000038a13000 	/System/Library/PrivateFrameworks/AppleJPEG.framework/Versions/A/AppleJPEG
0x0000000038a13000 	/usr/lib/libcups.2.dylib
0x0000000038a13000 	/System/Library/Frameworks/Kerberos.framework/Versions/A/Kerberos
0x0000000038a13000 	/System/Library/Frameworks/GSS.framework/Versions/A/GSS
0x0000000038a13000 	/usr/lib/libresolv.9.dylib
0x0000000038a13000 	/usr/lib/libiconv.2.dylib
0x0000000038a13000 	/System/Library/PrivateFrameworks/Heimdal.framework/Versions/A/Heimdal
0x0000000038a13000 	/usr/lib/libheimdal-asn1.dylib
0x0000000038a13000 	/System/Library/Frameworks/OpenDirectory.framework/Versions/A/OpenDirectory
0x0000000038a13000 	/System/Library/PrivateFrameworks/CommonAuth.framework/Versions/A/CommonAuth
0x0000000038a13000 	/System/Library/Frameworks/OpenDirectory.framework/Versions/A/Frameworks/CFOpenDirectory.framework/Versions/A/CFOpenDirectory
0x0000000038a13000 	/System/Library/Frameworks/SecurityFoundation.framework/Versions/A/SecurityFoundation
0x0000000038a13000 	/System/Library/PrivateFrameworks/LanguageModeling.framework/Versions/A/LanguageModeling
0x0000000038a13000 	/usr/lib/libmarisa.dylib
0x0000000038a13000 	/usr/lib/libChineseTokenizer.dylib
0x0000000038a13000 	/usr/lib/libcmph.dylib
0x0000000038a13000 	/System/Library/PrivateFrameworks/CoreEmoji.framework/Versions/A/CoreEmoji
0x0000000038a13000 	/System/Library/Frameworks/ServiceManagement.framework/Versions/A/ServiceManagement
0x0000000038a13000 	/usr/lib/libxslt.1.dylib
0x0000000038a13000 	/System/Library/Frameworks/Carbon.framework/Versions/A/Frameworks/Ink.framework/Versions/A/Ink
0x0000000038a13000 	/System/Library/PrivateFrameworks/TextureIO.framework/Versions/A/TextureIO
0x0000000038a13000 	/System/Library/Frameworks/Metal.framework/Versions/A/Metal
0x0000000038a13000 	/usr/lib/libate.dylib
0x0000000038a13000 	/System/Library/PrivateFrameworks/GPUCompiler.framework/libmetal_timestamp.dylib
0x0000000038a13000 	/System/Library/Frameworks/OpenGL.framework/Versions/A/Libraries/libCoreFSCache.dylib
0x0000000038a13000 	/System/Library/PrivateFrameworks/IOAccelerator.framework/Versions/A/IOAccelerator
0x0000000038a13000 	/System/Library/Frameworks/CoreVideo.framework/Versions/A/CoreVideo
0x0000000038a13000 	/usr/lib/libFosl_dynamic.dylib
0x0000000038a13000 	/System/Library/PrivateFrameworks/MetalPerformanceShaders.framework/Versions/A/MetalPerformanceShaders
0x0000000038a13000 	/System/Library/PrivateFrameworks/FaceCore.framework/Versions/A/FaceCore
0x0000000038a13000 	/System/Library/Frameworks/OpenCL.framework/Versions/A/OpenCL
0x0000000038a13000 	/System/Library/Frameworks/OpenGL.framework/Versions/A/Libraries/libGLU.dylib
0x0000000038a13000 	/System/Library/Frameworks/OpenGL.framework/Versions/A/Libraries/libGFXShared.dylib
0x0000000038a13000 	/System/Library/Frameworks/OpenGL.framework/Versions/A/Libraries/libGL.dylib
0x0000000038a13000 	/System/Library/Frameworks/OpenGL.framework/Versions/A/Libraries/libGLImage.dylib
0x0000000038a13000 	/System/Library/Frameworks/OpenGL.framework/Versions/A/Libraries/libCVMSPluginSupport.dylib
0x0000000038a13000 	/System/Library/Frameworks/OpenGL.framework/Versions/A/Libraries/libCoreVMClient.dylib
0x0000000038a13000 	/System/Library/PrivateFrameworks/CrashReporterSupport.framework/Versions/A/CrashReporterSupport
0x0000000038a13000 	/System/Library/PrivateFrameworks/Sharing.framework/Versions/A/Sharing
0x0000000038a13000 	/System/Library/PrivateFrameworks/IconServices.framework/Versions/A/IconServices
0x0000000038a13000 	/System/Library/PrivateFrameworks/ProtocolBuffer.framework/Versions/A/ProtocolBuffer
0x0000000038a13000 	/System/Library/PrivateFrameworks/Apple80211.framework/Versions/A/Apple80211
0x0000000038a13000 	/System/Library/Frameworks/CoreWLAN.framework/Versions/A/CoreWLAN
0x0000000038a13000 	/System/Library/PrivateFrameworks/CoreUtils.framework/Versions/A/CoreUtils
0x0000000038a13000 	/System/Library/Frameworks/IOBluetooth.framework/Versions/A/IOBluetooth
0x0000000038a13000 	/System/Library/PrivateFrameworks/CoreWiFi.framework/Versions/A/CoreWiFi
0x0000000038a13000 	/System/Library/Frameworks/CoreBluetooth.framework/Versions/A/CoreBluetooth
0x0000000038a13000 	/System/Library/Frameworks/CoreDisplay.framework/Versions/A/CoreDisplay
0x0000000038a13000 	/System/Library/PrivateFrameworks/IOPresentment.framework/Versions/A/IOPresentment
0x0000000038a13000 	/System/Library/PrivateFrameworks/DSExternalDisplay.framework/Versions/A/DSExternalDisplay
0x0000000038a13000 	/System/Library/PrivateFrameworks/DebugSymbols.framework/Versions/A/DebugSymbols
0x0000000038a13000 	/System/Library/PrivateFrameworks/CoreSymbolication.framework/Versions/A/CoreSymbolication
0x0000000038a13000 	/System/Library/PrivateFrameworks/Symbolication.framework/Versions/A/Symbolication
0x0000000038a13000 	/System/Library/PrivateFrameworks/AppleFSCompression.framework/Versions/A/AppleFSCompression
0x0000000038a13000 	/System/Library/PrivateFrameworks/SpeechRecognitionCore.framework/Versions/A/SpeechRecognitionCore
0x0000000038a13000 	/System/Library/PrivateFrameworks/ChunkingLibrary.framework/Versions/A/ChunkingLibrary
0x0000000106e00000 	/Applications/Android Studio.app/Contents/jre/jdk/Contents/Home/jre/lib/server/libjvm.dylib
0x0000000038a13000 	/usr/lib/libstdc++.6.dylib
0x000000010640c000 	/Applications/Android Studio.app/Contents/jre/jdk/Contents/Home/jre/lib/libverify.dylib
0x0000000106419000 	/Applications/Android Studio.app/Contents/jre/jdk/Contents/Home/jre/lib/libjava.dylib
0x0000000106458000 	/Applications/Android Studio.app/Contents/jre/jdk/Contents/Home/jre/lib/libzip.dylib
0x000000010a0bd000 	/System/Library/Frameworks/JavaVM.framework/Frameworks/JavaRuntimeSupport.framework/JavaRuntimeSupport
0x000000010a0d7000 	/System/Library/Frameworks/JavaVM.framework/Versions/A/Frameworks/JavaNativeFoundation.framework/Versions/A/JavaNativeFoundation
0x00000001065f3000 	/System/Library/Frameworks/JavaVM.framework/Versions/A/JavaVM
0x0000000038a13000 	/System/Library/Frameworks/Carbon.framework/Versions/A/Carbon
0x000000010a0ec000 	/System/Library/PrivateFrameworks/JavaLaunching.framework/Versions/A/JavaLaunching
0x0000000038a13000 	/System/Library/Frameworks/Carbon.framework/Versions/A/Frameworks/CommonPanels.framework/Versions/A/CommonPanels
0x0000000038a13000 	/System/Library/Frameworks/Carbon.framework/Versions/A/Frameworks/Help.framework/Versions/A/Help
0x0000000038a13000 	/System/Library/Frameworks/Carbon.framework/Versions/A/Frameworks/ImageCapture.framework/Versions/A/ImageCapture
0x0000000038a13000 	/System/Library/Frameworks/Carbon.framework/Versions/A/Frameworks/OpenScripting.framework/Versions/A/OpenScripting
0x0000000038a13000 	/System/Library/Frameworks/Carbon.framework/Versions/A/Frameworks/Print.framework/Versions/A/Print
0x0000000038a13000 	/System/Library/Frameworks/Carbon.framework/Versions/A/Frameworks/SecurityHI.framework/Versions/A/SecurityHI
0x000000010bb32000 	/Applications/Android Studio.app/Contents/bin/libbreakgen64.jnilib
0x000000010bb35000 	/Applications/Android Studio.app/Contents/jre/jdk/Contents/Home/jre/lib/libnet.dylib
0x000000010bb94000 	/private/var/folders/1k/5bsdc8pj0j5gc4_jpngvz1sh0000gn/T/libgdxqureshi/6c379ad2/libgdx64.dylib
0x000000010bbdf000 	/Applications/Android Studio.app/Contents/jre/jdk/Contents/Home/jre/lib/libawt.dylib
0x000000010bc87000 	/Applications/Android Studio.app/Contents/jre/jdk/Contents/Home/jre/lib/./libmlib_image.dylib
0x000000011eded000 	/Applications/Android Studio.app/Contents/jre/jdk/Contents/Home/jre/lib/libawt_lwawt.dylib
0x000000011eea5000 	/Applications/Android Studio.app/Contents/jre/jdk/Contents/Home/jre/lib/./libosxapp.dylib
0x0000000038a13000 	/System/Library/Frameworks/ExceptionHandling.framework/Versions/A/ExceptionHandling
0x0000000038a13000 	/System/Library/PrivateFrameworks/CoreServicesInternal.framework/Versions/A/CoreServicesInternal
0x0000000038a13000 	/System/Library/CoreServices/RawCamera.bundle/Contents/MacOS/RawCamera
0x0000000038a13000 	/System/Library/Frameworks/Accelerate.framework/Versions/A/Frameworks/vImage.framework/Versions/A/Libraries/libCGInterfaces.dylib
0x0000000038a13000 	/System/Library/Frameworks/ApplicationServices.framework/Versions/A/Frameworks/ATS.framework/Versions/A/Resources/libTrueTypeScaler.dylib
0x0000000120890000 	/System/Library/Frameworks/OpenGL.framework/Resources/GLEngine.bundle/GLEngine
0x0000000038a13000 	/System/Library/Frameworks/OpenGL.framework/Versions/A/Libraries/libGLProgrammability.dylib
0x0000000120a75000 	/System/Library/Extensions/AppleIntelHD5000GraphicsGLDriver.bundle/Contents/MacOS/AppleIntelHD5000GraphicsGLDriver
0x0000000038a13000 	/System/Library/PrivateFrameworks/GPUSupport.framework/Versions/A/Libraries/libGPUSupportMercury.dylib
0x00000001211e3000 	/System/Library/Frameworks/OpenGL.framework/Resources//GLRendererFloat.bundle/GLRendererFloat
0x0000000038a13000 	/System/Library/Frameworks/OpenCL.framework/Versions/A/Libraries/libcldcpuengine.dylib
0x0000000038a13000 	/usr/lib/libcrypto.0.9.8.dylib
0x0000000038a13000 	/System/Library/PrivateFrameworks/TrustEvaluationAgent.framework/Versions/A/TrustEvaluationAgent
0x0000000121217000 	/System/Library/Extensions/AppleIntelHD5000GraphicsMTLDriver.bundle/Contents/MacOS/AppleIntelHD5000GraphicsMTLDriver
0x0000000038a13000 	/System/Library/PrivateFrameworks/FamilyControls.framework/Versions/A/FamilyControls
0x0000000038a13000 	/System/Library/PrivateFrameworks/CommerceKit.framework/Versions/A/Frameworks/CommerceCore.framework/Versions/A/CommerceCore
0x0000000038a13000 	/System/Library/PrivateFrameworks/SystemAdministration.framework/Versions/A/SystemAdministration
0x0000000038a13000 	/System/Library/PrivateFrameworks/AppContainer.framework/Versions/A/AppContainer
0x0000000038a13000 	/System/Library/PrivateFrameworks/SecCodeWrapper.framework/Versions/A/SecCodeWrapper
0x0000000038a13000 	/System/Library/Frameworks/DirectoryService.framework/Versions/A/DirectoryService
0x0000000038a13000 	/System/Library/PrivateFrameworks/DiskImages.framework/Versions/A/DiskImages
0x0000000038a13000 	/System/Library/PrivateFrameworks/LoginUIKit.framework/Versions/A/Frameworks/LoginUICore.framework/Versions/A/LoginUICore
0x0000000038a13000 	/usr/lib/libCoreStorage.dylib
0x0000000038a13000 	/usr/lib/libcsfde.dylib
0x0000000038a13000 	/usr/lib/libodfde.dylib
0x0000000038a13000 	/System/Library/Frameworks/DiscRecording.framework/Versions/A/DiscRecording
0x0000000038a13000 	/usr/lib/libcurl.4.dylib
0x0000000038a13000 	/System/Library/PrivateFrameworks/MediaKit.framework/Versions/A/MediaKit
0x0000000038a13000 	/System/Library/PrivateFrameworks/ProtectedCloudStorage.framework/Versions/A/ProtectedCloudStorage
0x0000000038a13000 	/System/Library/PrivateFrameworks/EFILogin.framework/Versions/A/EFILogin
0x0000000038a13000 	/usr/lib/libutil.dylib
0x0000000038a13000 	/System/Library/Frameworks/LDAP.framework/Versions/A/LDAP
0x0000000038a13000 	/usr/lib/libsasl2.2.dylib
0x0000000038a13000 	/System/Library/PrivateFrameworks/CoreDaemon.framework/Versions/B/CoreDaemon
0x0000000038a13000 	/System/Library/PrivateFrameworks/AppleSRP.framework/Versions/A/AppleSRP
0x0000000038a13000 	/System/Library/PrivateFrameworks/APFS.framework/Versions/A/APFS
0x0000000122566000 	/Applications/Android Studio.app/Contents/jre/jdk/Contents/Home/jre/lib/libfontmanager.dylib
0x000000012265b000 	/Applications/Android Studio.app/Contents/jre/jdk/Contents/Home/jre/lib/./libfreetype.dylib.6
0x0000000122711000 	/private/var/folders/1k/5bsdc8pj0j5gc4_jpngvz1sh0000gn/T/libgdxqureshi/f7649394/liblwjgl.dylib
0x000000011fcbc000 	/Applications/Android Studio.app/Contents/jre/jdk/Contents/Home/jre/lib/libjawt.dylib
0x0000000122793000 	/var/folders/1k/5bsdc8pj0j5gc4_jpngvz1sh0000gn/T/libgdxqureshi/f7649394/openal.dylib
0x0000000122802000 	/System/Library/Components/CoreAudio.component/Contents/MacOS/CoreAudio
0x00000001213d3000 	/System/Library/Extensions/AppleHDA.kext/Contents/PlugIns/AppleHDAHALPlugIn.bundle/Contents/MacOS/AppleHDAHALPlugIn
0x0000000038a13000 	/System/Library/PrivateFrameworks/ViewBridge.framework/Versions/A/ViewBridge
0x0000000038a13000 	/System/Library/PrivateFrameworks/XPCService.framework/Versions/A/XPCService
0x0000000038a13000 	/System/Library/PrivateFrameworks/AppSandbox.framework/Versions/A/AppSandbox
0x0000000038a13000 	/usr/lib/libsandbox.1.dylib
0x0000000038a13000 	/usr/lib/libMatch.1.dylib
0x00000001238ad000 	/private/var/folders/1k/5bsdc8pj0j5gc4_jpngvz1sh0000gn/T/libgdxqureshi/87a78c70/libgdx-freetype64.dylib
0x000000011fac7000 	/private/var/folders/1k/5bsdc8pj0j5gc4_jpngvz1sh0000gn/T/libgdxqureshi/d2043b68/libgdx-box2d64.dylib

VM Arguments:
jvm_args: -Didea.launcher.port=7534 -Didea.launcher.bin.path=/Applications/Android Studio.app/Contents/bin -Dfile.encoding=UTF-8 
java_command: com.intellij.rt.execution.application.AppMain com.onmakers.ninjafrog.desktop.DesktopLauncher
java_class_path (initial): /Applications/Android Studio.app/Contents/jre/jdk/Contents/Home/jre/lib/charsets.jar:/Applications/Android Studio.app/Contents/jre/jdk/Contents/Home/jre/lib/ext/cldrdata.jar:/Applications/Android Studio.app/Contents/jre/jdk/Contents/Home/jre/lib/ext/dnsns.jar:/Applications/Android Studio.app/Contents/jre/jdk/Contents/Home/jre/lib/ext/jaccess.jar:/Applications/Android Studio.app/Contents/jre/jdk/Contents/Home/jre/lib/ext/localedata.jar:/Applications/Android Studio.app/Contents/jre/jdk/Contents/Home/jre/lib/ext/nashorn.jar:/Applications/Android Studio.app/Contents/jre/jdk/Contents/Home/jre/lib/ext/sunec.jar:/Applications/Android Studio.app/Contents/jre/jdk/Contents/Home/jre/lib/ext/sunjce_provider.jar:/Applications/Android Studio.app/Contents/jre/jdk/Contents/Home/jre/lib/ext/sunpkcs11.jar:/Applications/Android Studio.app/Contents/jre/jdk/Contents/Home/jre/lib/ext/zipfs.jar:/Applications/Android Studio.app/Contents/jre/jdk/Contents/Home/jre/lib/jce.jar:/Applications/Android Studio.app/Contents/jre/jdk/Contents/Home/jre/lib/jsse.jar:/Applications/Android Studio.app/Contents/jre/jdk/Contents/Home/jre/lib/management-agent.jar:/Applications/Android Studio.app/Contents/jre/jdk/Contents/Home/jre/lib/resources.jar:/Applications/Android Studio.app/Contents/jre/jdk/Contents/Home/jre/lib/rt.jar:/Applications/Android Studio.app/Contents/jre/jdk/Contents/Home/lib/dt.jar:/Applications/Android Studio.app/Contents/jre/jdk/Contents/Home/lib/jconsole.jar:/Applications/Android Studio.app/Contents/jre/jdk/Contents/Home/lib/sa-jdi.jar:/Applications/Android Studio.app/Contents/jre/jdk/Contents/Home/lib/tools.jar:/Users/qureshi/Documents/workspace/NinjaFrogJuly15/NinjaFrog/desktop/build/classes/main:/Users/qureshi/Documents/workspace/NinjaFrogJuly15/NinjaFrog/core/build/classes/main:/Users/qureshi/.gradle/caches/modules-2/files-2.1/com.badlogicgames.gdx/gdx/1.9.5/dc65bb2f51828c58b1b2b3ac585357204d54ee5f/gdx-1.9.5.jar:/Users/qureshi/.gradle/caches/modules-2/file
Launcher Type: SUN_STANDARD

Environment Variables:
PATH=/usr/local/bin:/usr/bin:/bin:/usr/sbin:/sbin:/Library/Frameworks/Mono.framework/Versions/Current/Commands:/Users/qureshi/Android/AndroidSDK/platform-tools
SHELL=/bin/bash

Signal Handlers:
SIGSEGV: [libjvm.dylib+0x57e9cd], sa_mask[0]=11111111011111110111111111111111, sa_flags=SA_ONSTACK|SA_RESTART|SA_SIGINFO
SIGBUS: [libjvm.dylib+0x57e9cd], sa_mask[0]=11111111011111110111111111111111, sa_flags=SA_RESTART|SA_SIGINFO
SIGFPE: [libjvm.dylib+0x45951c], sa_mask[0]=11111111011111110111111111111111, sa_flags=SA_RESTART|SA_SIGINFO
SIGPIPE: [libjvm.dylib+0x45951c], sa_mask[0]=11111111011111110111111111111111, sa_flags=SA_RESTART|SA_SIGINFO
SIGXFSZ: [libjvm.dylib+0x45951c], sa_mask[0]=11111111011111110111111111111111, sa_flags=SA_RESTART|SA_SIGINFO
SIGILL: [libjvm.dylib+0x45951c], sa_mask[0]=11111111011111110111111111111111, sa_flags=SA_RESTART|SA_SIGINFO
SIGUSR1: SIG_DFL, sa_mask[0]=00000000000000000000000000000000, sa_flags=none
SIGUSR2: [libjvm.dylib+0x45903a], sa_mask[0]=00100000000000000000000000000000, sa_flags=SA_RESTART|SA_SIGINFO
SIGHUP: [libjvm.dylib+0x457611], sa_mask[0]=11111111011111110111111111111111, sa_flags=SA_RESTART|SA_SIGINFO
SIGINT: [libjvm.dylib+0x457611], sa_mask[0]=11111111011111110111111111111111, sa_flags=SA_RESTART|SA_SIGINFO
SIGTERM: [libjvm.dylib+0x457611], sa_mask[0]=11111111011111110111111111111111, sa_flags=SA_RESTART|SA_SIGINFO
SIGQUIT: [libjvm.dylib+0x457611], sa_mask[0]=11111111011111110111111111111111, sa_flags=SA_RESTART|SA_SIGINFO


---------------  S Y S T E M  ---------------

OS:Bsduname:Darwin 16.7.0 Darwin Kernel Version 16.7.0: Thu Jun 15 17:36:27 PDT 2017; root:xnu-3789.70.16~2/RELEASE_X86_64 x86_64
rlimit: STACK 8192k, CORE 0k, NPROC 709, NOFILE 10240, AS infinity
load average:2.00 2.28 2.23

CPU:total 4 (2 cores per cpu, 2 threads per core) family 6 model 69 stepping 1, cmov, cx8, fxsr, mmx, sse, sse2, sse3, ssse3, sse4.1, sse4.2, popcnt, avx, avx2, aes, clmul, erms, lzcnt, ht, tsc, tscinvbit, bmi1, bmi2

Memory: 4k page, physical 8388608k(201356k free)

/proc/meminfo:


vm_info: OpenJDK 64-Bit Server VM (25.112-b06) for bsd-amd64 JRE (1.8.0_112-release-b06), built on Dec  6 2016 12:18:58 by "builder" with gcc 4.2.1 (Based on Apple Inc. build 5658) (LLVM build 2336.11.00)

time: Sun Aug 27 19:30:58 2017
elapsed time: 29 seconds (0d 0h 0m 29s)

